#
# There is insufficient memory for the Java Runtime Environment to continue.
# Native memory allocation (malloc) failed to allocate 1030096 bytes for Chunk::new
# Possible reasons:
#   The system is out of physical RAM or swap space
#   The process is running with CompressedOops enabled, and the Java Heap may be blocking the growth of the native heap
# Possible solutions:
#   Reduce memory load on the system
#   Increase physical memory or swap space
#   Check if swap backing store is full
#   Decrease Java heap size (-Xmx/-Xms)
#   Decrease number of Java threads
#   Decrease Java thread stack sizes (-Xss)
#   Set larger code cache with -XX:ReservedCodeCacheSize=
#   JVM is running with Unscaled Compressed Oops mode in which the Java heap is
#     placed in the first 4GB address space. The Java Heap base address is the
#     maximum limit for the native heap growth. Please use -XX:HeapBaseMinAddress
#     to set the Java Heap base and to place the Java Heap above 4GB virtual address.
# This output file may be truncated or incomplete.
#
#  Out of Memory Error (arena.cpp:184), pid=23200, tid=28328
#
# JRE version: Java(TM) SE Runtime Environment (18.0.1.1+2) (build 18.0.1.1+2-6)
# Java VM: Java HotSpot(TM) 64-Bit Server VM (18.0.1.1+2-6, mixed mode, sharing, tiered, compressed oops, compressed class ptrs, g1 gc, windows-amd64)
# No core dump will be written. Minidumps are not enabled by default on client versions of Windows
#

---------------  S U M M A R Y ------------

Command Line: -Dfile.encoding=UTF-8 --module-path=D:\code\project\Elelctricity Billing System\build\classes elelctricity.billing.system.Project

Host: Intel(R) Core(TM) i7-10510U CPU @ 1.80GHz, 8 cores, 7G,  Windows 11 , 64 bit Build 22621 (10.0.22621.1325)
Time: Mon Feb 20 16:05:44 2023 India Standard Time elapsed time: 1.025546 seconds (0d 0h 0m 1s)

---------------  T H R E A D  ---------------

Current thread (0x00000251e040a6f0):  JavaThread "C2 CompilerThread1" daemon [_thread_in_native, id=28328, stack(0x000000fd28a00000,0x000000fd28b00000)]


Current CompileTask:
C2:   1025  758   !   4       sun.awt.image.PNGImageDecoder::produceImage (1917 bytes)

Stack: [0x000000fd28a00000,0x000000fd28b00000]
Native frames: (J=compiled Java code, j=interpreted, Vv=VM code, C=native code)
V  [jvm.dll+0x69887a]
V  [jvm.dll+0x7f38bd]
V  [jvm.dll+0x7f51ce]
V  [jvm.dll+0x7f5883]
V  [jvm.dll+0x25ca3f]
V  [jvm.dll+0xb8c2f]
V  [jvm.dll+0xb8fa5]
V  [jvm.dll+0x2c794f]
V  [jvm.dll+0x5a05b0]
V  [jvm.dll+0x238398]
V  [jvm.dll+0x2319c5]
V  [jvm.dll+0x22eeeb]
V  [jvm.dll+0x1b9cfc]
V  [jvm.dll+0x23e8ca]
V  [jvm.dll+0x23cbb5]
V  [jvm.dll+0x7a5fb1]
V  [jvm.dll+0x7a03ea]
V  [jvm.dll+0x697725]
C  [ucrtbase.dll+0x29363]
C  [KERNEL32.DLL+0x126bd]
C  [ntdll.dll+0x5a9f8]


---------------  P R O C E S S  ---------------

Threads class SMR info:
_java_thread_list=0x00000251deb449d0, length=18, elements={
0x00000251bc4ebc70, 0x00000251da5d0460, 0x00000251da5d0e00, 0x00000251da5eb970,
0x00000251da5ee320, 0x00000251da5f0cd0, 0x00000251da5f4670, 0x00000251da5f5950,
0x00000251da5f2270, 0x00000251da5f3990, 0x00000251da65e2a0, 0x00000251de92ff40,
0x00000251deafe880, 0x00000251deac3660, 0x00000251deac3b20, 0x00000251deb8bfa0,
0x00000251e040a6f0, 0x00000251e05007f0
}

Java Threads: ( => current thread )
  0x00000251bc4ebc70 JavaThread "main" [_thread_blocked, id=28196, stack(0x000000fd26c00000,0x000000fd26d00000)]
  0x00000251da5d0460 JavaThread "Reference Handler" daemon [_thread_blocked, id=24732, stack(0x000000fd27300000,0x000000fd27400000)]
  0x00000251da5d0e00 JavaThread "Finalizer" daemon [_thread_blocked, id=21092, stack(0x000000fd27400000,0x000000fd27500000)]
  0x00000251da5eb970 JavaThread "Signal Dispatcher" daemon [_thread_blocked, id=27604, stack(0x000000fd27500000,0x000000fd27600000)]
  0x00000251da5ee320 JavaThread "Attach Listener" daemon [_thread_blocked, id=26120, stack(0x000000fd27600000,0x000000fd27700000)]
  0x00000251da5f0cd0 JavaThread "Service Thread" daemon [_thread_blocked, id=19904, stack(0x000000fd27700000,0x000000fd27800000)]
  0x00000251da5f4670 JavaThread "Monitor Deflation Thread" daemon [_thread_blocked, id=26580, stack(0x000000fd27800000,0x000000fd27900000)]
  0x00000251da5f5950 JavaThread "C2 CompilerThread0" daemon [_thread_in_native, id=23332, stack(0x000000fd27900000,0x000000fd27a00000)]
  0x00000251da5f2270 JavaThread "C1 CompilerThread0" daemon [_thread_blocked, id=27888, stack(0x000000fd27a00000,0x000000fd27b00000)]
  0x00000251da5f3990 JavaThread "Sweeper thread" daemon [_thread_blocked, id=26700, stack(0x000000fd27b00000,0x000000fd27c00000)]
  0x00000251da65e2a0 JavaThread "Common-Cleaner" daemon [_thread_blocked, id=21232, stack(0x000000fd27c00000,0x000000fd27d00000)]
  0x00000251de92ff40 JavaThread "Notification Thread" daemon [_thread_blocked, id=22052, stack(0x000000fd27d00000,0x000000fd27e00000)]
  0x00000251deafe880 JavaThread "Java2D Disposer" daemon [_thread_blocked, id=4684, stack(0x000000fd28000000,0x000000fd28100000)]
  0x00000251deac3660 JavaThread "AWT-Shutdown" [_thread_blocked, id=2552, stack(0x000000fd28100000,0x000000fd28200000)]
  0x00000251deac3b20 JavaThread "AWT-Windows" daemon [_thread_in_native, id=28596, stack(0x000000fd28200000,0x000000fd28300000)]
  0x00000251deb8bfa0 JavaThread "Image Fetcher 0" daemon [_thread_in_native, id=2460, stack(0x000000fd27f00000,0x000000fd28000000)]
=>0x00000251e040a6f0 JavaThread "C2 CompilerThread1" daemon [_thread_in_native, id=28328, stack(0x000000fd28a00000,0x000000fd28b00000)]
  0x00000251e05007f0 JavaThread "Image Fetcher 1" daemon [_thread_blocked, id=22772, stack(0x000000fd28b00000,0x000000fd28c00000)]

Other Threads:
  0x00000251da5ca440 VMThread "VM Thread" [stack: 0x000000fd27200000,0x000000fd27300000] [id=4980]
  0x00000251de930400 WatcherThread "VM Periodic Task Thread" [stack: 0x000000fd27e00000,0x000000fd27f00000] [id=27832]
  0x00000251bc54aa30 WorkerThread "GC Thread#0" [stack: 0x000000fd26d00000,0x000000fd26e00000] [id=25304]
  0x00000251e01ba7e0 WorkerThread "GC Thread#1" [stack: 0x000000fd28300000,0x000000fd28400000] [id=22136]
  0x00000251e01baa80 WorkerThread "GC Thread#2" [stack: 0x000000fd28400000,0x000000fd28500000] [id=19920]
  0x00000251e01bad20 WorkerThread "GC Thread#3" [stack: 0x000000fd28500000,0x000000fd28600000] [id=26904]
  0x00000251e01331b0 WorkerThread "GC Thread#4" [stack: 0x000000fd28600000,0x000000fd28700000] [id=8728]
  0x00000251e0137460 WorkerThread "GC Thread#5" [stack: 0x000000fd28700000,0x000000fd28800000] [id=9372]
  0x00000251e0137700 WorkerThread "GC Thread#6" [stack: 0x000000fd28800000,0x000000fd28900000] [id=17324]
  0x00000251e01379a0 WorkerThread "GC Thread#7" [stack: 0x000000fd28900000,0x000000fd28a00000] [id=28248]
  0x00000251bc55c430 ConcurrentGCThread "G1 Main Marker" [stack: 0x000000fd26e00000,0x000000fd26f00000] [id=8596]
  0x00000251bc55cf80 WorkerThread "G1 Conc#0" [stack: 0x000000fd26f00000,0x000000fd27000000] [id=25000]
  0x00000251bc5aea00 ConcurrentGCThread "G1 Refine#0" [stack: 0x000000fd27000000,0x000000fd27100000] [id=22696]
  0x00000251da483570 ConcurrentGCThread "G1 Service" [stack: 0x000000fd27100000,0x000000fd27200000] [id=23852]

Threads with active compile tasks:
C2 CompilerThread0     1051  769       4       sun.awt.image.ImageDecoder::setPixels (58 bytes)
C2 CompilerThread1     1051  758   !   4       sun.awt.image.PNGImageDecoder::produceImage (1917 bytes)

VM state: not at safepoint (normal execution)

VM Mutex/Monitor currently owned by a thread: None

Heap address: 0x0000000082a00000, size: 2006 MB, Compressed Oops mode: 32-bit

CDS archive(s) mapped at: [0x0000000800000000-0x0000000800ba0000-0x0000000800ba0000), size 12189696, SharedBaseAddress: 0x0000000800000000, ArchiveRelocationMode: 0.
Compressed class space mapped at: 0x0000000800c00000-0x0000000840c00000, reserved size: 1073741824
Narrow klass base: 0x0000000800000000, Narrow klass shift: 0, Narrow klass range: 0x100000000

GC Precious Log:
 CardTable entry size: 512
 Card Set container configuration: InlinePtr #cards 5 size 8 Array Of Cards #cards 12 size 40 Howl #buckets 4 coarsen threshold 1843 Howl Bitmap #cards 512 size 80 coarsen threshold 460 Card regions per heap region 1 cards per card region 2048
 CPUs: 8 total, 8 available
 Memory: 8022M
 Large Page Support: Disabled
 NUMA Support: Disabled
 Compressed Oops: Enabled (32-bit)
 Heap Region Size: 1M
 Heap Min Capacity: 8M
 Heap Initial Capacity: 126M
 Heap Max Capacity: 2006M
 Pre-touch: Disabled
 Parallel Workers: 8
 Concurrent Workers: 2
 Concurrent Refinement Workers: 8
 Periodic GC: Disabled

Heap:
 garbage-first heap   total 129024K, used 50048K [0x0000000082a00000, 0x0000000100000000)
  region size 1024K, 19 young (19456K), 3 survivors (3072K)
 Metaspace       used 5359K, committed 5504K, reserved 1114112K
  class space    used 548K, committed 640K, reserved 1048576K

Heap Regions: E=young(eden), S=young(survivor), O=old, HS=humongous(starts), HC=humongous(continues), CS=collection set, F=free, OA=open archive, CA=closed archive, TAMS=top-at-mark-start (previous, next)
|   0|0x0000000082a00000, 0x0000000082b00000, 0x0000000082b00000|100%|HS|  |TAMS 0x0000000082a00000, 0x0000000082a00000| Complete 
|   1|0x0000000082b00000, 0x0000000082c00000, 0x0000000082c00000|100%|HC|  |TAMS 0x0000000082b00000, 0x0000000082b00000| Complete 
|   2|0x0000000082c00000, 0x0000000082d00000, 0x0000000082d00000|100%|HC|  |TAMS 0x0000000082c00000, 0x0000000082c00000| Complete 
|   3|0x0000000082d00000, 0x0000000082e00000, 0x0000000082e00000|100%|HC|  |TAMS 0x0000000082d00000, 0x0000000082d00000| Complete 
|   4|0x0000000082e00000, 0x0000000082f00000, 0x0000000082f00000|100%|HS|  |TAMS 0x0000000082e00000, 0x0000000082e00000| Complete 
|   5|0x0000000082f00000, 0x0000000083000000, 0x0000000083000000|100%|HC|  |TAMS 0x0000000082f00000, 0x0000000082f00000| Complete 
|   6|0x0000000083000000, 0x0000000083100000, 0x0000000083100000|100%|HC|  |TAMS 0x0000000083000000, 0x0000000083000000| Complete 
|   7|0x0000000083100000, 0x0000000083200000, 0x0000000083200000|100%|HC|  |TAMS 0x0000000083100000, 0x0000000083100000| Complete 
|   8|0x0000000083200000, 0x0000000083300000, 0x0000000083300000|100%|HC|  |TAMS 0x0000000083200000, 0x0000000083200000| Complete 
|   9|0x0000000083300000, 0x0000000083400000, 0x0000000083400000|100%|HC|  |TAMS 0x0000000083300000, 0x0000000083300000| Complete 
|  10|0x0000000083400000, 0x0000000083500000, 0x0000000083500000|100%|HC|  |TAMS 0x0000000083400000, 0x0000000083400000| Complete 
|  11|0x0000000083500000, 0x0000000083600000, 0x0000000083600000|100%|HC|  |TAMS 0x0000000083500000, 0x0000000083500000| Complete 
|  12|0x0000000083600000, 0x0000000083700000, 0x0000000083700000|100%|HS|  |TAMS 0x0000000083600000, 0x0000000083600000| Complete 
|  13|0x0000000083700000, 0x0000000083800000, 0x0000000083800000|100%|HC|  |TAMS 0x0000000083700000, 0x0000000083700000| Complete 
|  14|0x0000000083800000, 0x0000000083900000, 0x0000000083900000|100%|HS|  |TAMS 0x0000000083800000, 0x0000000083800000| Complete 
|  15|0x0000000083900000, 0x0000000083a00000, 0x0000000083a00000|100%|HC|  |TAMS 0x0000000083900000, 0x0000000083900000| Complete 
|  16|0x0000000083a00000, 0x0000000083b00000, 0x0000000083b00000|100%|HC|  |TAMS 0x0000000083a00000, 0x0000000083a00000| Complete 
|  17|0x0000000083b00000, 0x0000000083c00000, 0x0000000083c00000|100%|HC|  |TAMS 0x0000000083b00000, 0x0000000083b00000| Complete 
|  18|0x0000000083c00000, 0x0000000083d00000, 0x0000000083d00000|100%|HC|  |TAMS 0x0000000083c00000, 0x0000000083c00000| Complete 
|  19|0x0000000083d00000, 0x0000000083e00000, 0x0000000083e00000|100%|HC|  |TAMS 0x0000000083d00000, 0x0000000083d00000| Complete 
|  20|0x0000000083e00000, 0x0000000083f00000, 0x0000000083f00000|100%|HC|  |TAMS 0x0000000083e00000, 0x0000000083e00000| Complete 
|  21|0x0000000083f00000, 0x0000000084000000, 0x0000000084000000|100%|HC|  |TAMS 0x0000000083f00000, 0x0000000083f00000| Complete 
|  22|0x0000000084000000, 0x0000000084100000, 0x0000000084100000|100%|HC|  |TAMS 0x0000000084000000, 0x0000000084000000| Complete 
|  23|0x0000000084100000, 0x0000000084200000, 0x0000000084200000|100%|HC|  |TAMS 0x0000000084100000, 0x0000000084100000| Complete 
|  24|0x0000000084200000, 0x0000000084300000, 0x0000000084300000|100%|HC|  |TAMS 0x0000000084200000, 0x0000000084200000| Complete 
|  25|0x0000000084300000, 0x0000000084400000, 0x0000000084400000|100%|HC|  |TAMS 0x0000000084300000, 0x0000000084300000| Complete 
|  26|0x0000000084400000, 0x0000000084500000, 0x0000000084500000|100%|HC|  |TAMS 0x0000000084400000, 0x0000000084400000| Complete 
|  27|0x0000000084500000, 0x0000000084600000, 0x0000000084600000|100%|HC|  |TAMS 0x0000000084500000, 0x0000000084500000| Complete 
|  28|0x0000000084600000, 0x0000000084700000, 0x0000000084700000|100%|HC|  |TAMS 0x0000000084600000, 0x0000000084600000| Complete 
|  29|0x0000000084700000, 0x0000000084800000, 0x0000000084800000|100%|HC|  |TAMS 0x0000000084700000, 0x0000000084700000| Complete 
|  30|0x0000000084800000, 0x0000000084900000, 0x0000000084900000|100%|HC|  |TAMS 0x0000000084800000, 0x0000000084800000| Complete 
|  31|0x0000000084900000, 0x0000000084900000, 0x0000000084a00000|  0%| F|  |TAMS 0x0000000084900000, 0x0000000084900000| Untracked 
|  32|0x0000000084a00000, 0x0000000084a00000, 0x0000000084b00000|  0%| F|  |TAMS 0x0000000084a00000, 0x0000000084a00000| Untracked 
|  33|0x0000000084b00000, 0x0000000084b00000, 0x0000000084c00000|  0%| F|  |TAMS 0x0000000084b00000, 0x0000000084b00000| Untracked 
|  34|0x0000000084c00000, 0x0000000084c00000, 0x0000000084d00000|  0%| F|  |TAMS 0x0000000084c00000, 0x0000000084c00000| Untracked 
|  35|0x0000000084d00000, 0x0000000084d00000, 0x0000000084e00000|  0%| F|  |TAMS 0x0000000084d00000, 0x0000000084d00000| Untracked 
|  36|0x0000000084e00000, 0x0000000084e00000, 0x0000000084f00000|  0%| F|  |TAMS 0x0000000084e00000, 0x0000000084e00000| Untracked 
|  37|0x0000000084f00000, 0x0000000084f00000, 0x0000000085000000|  0%| F|  |TAMS 0x0000000084f00000, 0x0000000084f00000| Untracked 
|  38|0x0000000085000000, 0x0000000085000000, 0x0000000085100000|  0%| F|  |TAMS 0x0000000085000000, 0x0000000085000000| Untracked 
|  39|0x0000000085100000, 0x0000000085100000, 0x0000000085200000|  0%| F|  |TAMS 0x0000000085100000, 0x0000000085100000| Untracked 
|  40|0x0000000085200000, 0x0000000085200000, 0x0000000085300000|  0%| F|  |TAMS 0x0000000085200000, 0x0000000085200000| Untracked 
|  41|0x0000000085300000, 0x0000000085300000, 0x0000000085400000|  0%| F|  |TAMS 0x0000000085300000, 0x0000000085300000| Untracked 
|  42|0x0000000085400000, 0x0000000085400000, 0x0000000085500000|  0%| F|  |TAMS 0x0000000085400000, 0x0000000085400000| Untracked 
|  43|0x0000000085500000, 0x0000000085500000, 0x0000000085600000|  0%| F|  |TAMS 0x0000000085500000, 0x0000000085500000| Untracked 
|  44|0x0000000085600000, 0x0000000085600000, 0x0000000085700000|  0%| F|  |TAMS 0x0000000085600000, 0x0000000085600000| Untracked 
|  45|0x0000000085700000, 0x0000000085700000, 0x0000000085800000|  0%| F|  |TAMS 0x0000000085700000, 0x0000000085700000| Untracked 
|  46|0x0000000085800000, 0x0000000085800000, 0x0000000085900000|  0%| F|  |TAMS 0x0000000085800000, 0x0000000085800000| Untracked 
|  47|0x0000000085900000, 0x0000000085900000, 0x0000000085a00000|  0%| F|  |TAMS 0x0000000085900000, 0x0000000085900000| Untracked 
|  48|0x0000000085a00000, 0x0000000085a00000, 0x0000000085b00000|  0%| F|  |TAMS 0x0000000085a00000, 0x0000000085a00000| Untracked 
|  49|0x0000000085b00000, 0x0000000085b00000, 0x0000000085c00000|  0%| F|  |TAMS 0x0000000085b00000, 0x0000000085b00000| Untracked 
|  50|0x0000000085c00000, 0x0000000085c00000, 0x0000000085d00000|  0%| F|  |TAMS 0x0000000085c00000, 0x0000000085c00000| Untracked 
|  51|0x0000000085d00000, 0x0000000085d00000, 0x0000000085e00000|  0%| F|  |TAMS 0x0000000085d00000, 0x0000000085d00000| Untracked 
|  52|0x0000000085e00000, 0x0000000085e00000, 0x0000000085f00000|  0%| F|  |TAMS 0x0000000085e00000, 0x0000000085e00000| Untracked 
|  53|0x0000000085f00000, 0x0000000085f00000, 0x0000000086000000|  0%| F|  |TAMS 0x0000000085f00000, 0x0000000085f00000| Untracked 
|  54|0x0000000086000000, 0x0000000086000000, 0x0000000086100000|  0%| F|  |TAMS 0x0000000086000000, 0x0000000086000000| Untracked 
|  55|0x0000000086100000, 0x0000000086100000, 0x0000000086200000|  0%| F|  |TAMS 0x0000000086100000, 0x0000000086100000| Untracked 
|  56|0x0000000086200000, 0x0000000086200000, 0x0000000086300000|  0%| F|  |TAMS 0x0000000086200000, 0x0000000086200000| Untracked 
|  57|0x0000000086300000, 0x0000000086300000, 0x0000000086400000|  0%| F|  |TAMS 0x0000000086300000, 0x0000000086300000| Untracked 
|  58|0x0000000086400000, 0x0000000086400000, 0x0000000086500000|  0%| F|  |TAMS 0x0000000086400000, 0x0000000086400000| Untracked 
|  59|0x0000000086500000, 0x0000000086500000, 0x0000000086600000|  0%| F|  |TAMS 0x0000000086500000, 0x0000000086500000| Untracked 
|  60|0x0000000086600000, 0x0000000086600000, 0x0000000086700000|  0%| F|  |TAMS 0x0000000086600000, 0x0000000086600000| Untracked 
|  61|0x0000000086700000, 0x0000000086700000, 0x0000000086800000|  0%| F|  |TAMS 0x0000000086700000, 0x0000000086700000| Untracked 
|  62|0x0000000086800000, 0x0000000086800000, 0x0000000086900000|  0%| F|  |TAMS 0x0000000086800000, 0x0000000086800000| Untracked 
|  63|0x0000000086900000, 0x0000000086900000, 0x0000000086a00000|  0%| F|  |TAMS 0x0000000086900000, 0x0000000086900000| Untracked 
|  64|0x0000000086a00000, 0x0000000086a00000, 0x0000000086b00000|  0%| F|  |TAMS 0x0000000086a00000, 0x0000000086a00000| Untracked 
|  65|0x0000000086b00000, 0x0000000086b00000, 0x0000000086c00000|  0%| F|  |TAMS 0x0000000086b00000, 0x0000000086b00000| Untracked 
|  66|0x0000000086c00000, 0x0000000086c00000, 0x0000000086d00000|  0%| F|  |TAMS 0x0000000086c00000, 0x0000000086c00000| Untracked 
|  67|0x0000000086d00000, 0x0000000086d00000, 0x0000000086e00000|  0%| F|  |TAMS 0x0000000086d00000, 0x0000000086d00000| Untracked 
|  68|0x0000000086e00000, 0x0000000086e00000, 0x0000000086f00000|  0%| F|  |TAMS 0x0000000086e00000, 0x0000000086e00000| Untracked 
|  69|0x0000000086f00000, 0x0000000086f00000, 0x0000000087000000|  0%| F|  |TAMS 0x0000000086f00000, 0x0000000086f00000| Untracked 
|  70|0x0000000087000000, 0x0000000087000000, 0x0000000087100000|  0%| F|  |TAMS 0x0000000087000000, 0x0000000087000000| Untracked 
|  71|0x0000000087100000, 0x0000000087100000, 0x0000000087200000|  0%| F|  |TAMS 0x0000000087100000, 0x0000000087100000| Untracked 
|  72|0x0000000087200000, 0x0000000087200000, 0x0000000087300000|  0%| F|  |TAMS 0x0000000087200000, 0x0000000087200000| Untracked 
|  73|0x0000000087300000, 0x0000000087300000, 0x0000000087400000|  0%| F|  |TAMS 0x0000000087300000, 0x0000000087300000| Untracked 
|  74|0x0000000087400000, 0x0000000087400000, 0x0000000087500000|  0%| F|  |TAMS 0x0000000087400000, 0x0000000087400000| Untracked 
|  75|0x0000000087500000, 0x0000000087500000, 0x0000000087600000|  0%| F|  |TAMS 0x0000000087500000, 0x0000000087500000| Untracked 
|  76|0x0000000087600000, 0x0000000087600000, 0x0000000087700000|  0%| F|  |TAMS 0x0000000087600000, 0x0000000087600000| Untracked 
|  77|0x0000000087700000, 0x0000000087700000, 0x0000000087800000|  0%| F|  |TAMS 0x0000000087700000, 0x0000000087700000| Untracked 
|  78|0x0000000087800000, 0x0000000087800000, 0x0000000087900000|  0%| F|  |TAMS 0x0000000087800000, 0x0000000087800000| Untracked 
|  79|0x0000000087900000, 0x0000000087900000, 0x0000000087a00000|  0%| F|  |TAMS 0x0000000087900000, 0x0000000087900000| Untracked 
|  80|0x0000000087a00000, 0x0000000087a00000, 0x0000000087b00000|  0%| F|  |TAMS 0x0000000087a00000, 0x0000000087a00000| Untracked 
|  81|0x0000000087b00000, 0x0000000087b00000, 0x0000000087c00000|  0%| F|  |TAMS 0x0000000087b00000, 0x0000000087b00000| Untracked 
|  82|0x0000000087c00000, 0x0000000087c00000, 0x0000000087d00000|  0%| F|  |TAMS 0x0000000087c00000, 0x0000000087c00000| Untracked 
|  83|0x0000000087d00000, 0x0000000087d00000, 0x0000000087e00000|  0%| F|  |TAMS 0x0000000087d00000, 0x0000000087d00000| Untracked 
|  84|0x0000000087e00000, 0x0000000087e00000, 0x0000000087f00000|  0%| F|  |TAMS 0x0000000087e00000, 0x0000000087e00000| Untracked 
|  85|0x0000000087f00000, 0x0000000087f00000, 0x0000000088000000|  0%| F|  |TAMS 0x0000000087f00000, 0x0000000087f00000| Untracked 
|  86|0x0000000088000000, 0x0000000088000000, 0x0000000088100000|  0%| F|  |TAMS 0x0000000088000000, 0x0000000088000000| Untracked 
|  87|0x0000000088100000, 0x0000000088100000, 0x0000000088200000|  0%| F|  |TAMS 0x0000000088100000, 0x0000000088100000| Untracked 
|  88|0x0000000088200000, 0x0000000088200000, 0x0000000088300000|  0%| F|  |TAMS 0x0000000088200000, 0x0000000088200000| Untracked 
|  89|0x0000000088300000, 0x0000000088300000, 0x0000000088400000|  0%| F|  |TAMS 0x0000000088300000, 0x0000000088300000| Untracked 
|  90|0x0000000088400000, 0x0000000088400000, 0x0000000088500000|  0%| F|  |TAMS 0x0000000088400000, 0x0000000088400000| Untracked 
|  91|0x0000000088500000, 0x0000000088500000, 0x0000000088600000|  0%| F|  |TAMS 0x0000000088500000, 0x0000000088500000| Untracked 
|  92|0x0000000088600000, 0x0000000088600000, 0x0000000088700000|  0%| F|  |TAMS 0x0000000088600000, 0x0000000088600000| Untracked 
|  93|0x0000000088700000, 0x0000000088700000, 0x0000000088800000|  0%| F|  |TAMS 0x0000000088700000, 0x0000000088700000| Untracked 
|  94|0x0000000088800000, 0x0000000088800000, 0x0000000088900000|  0%| F|  |TAMS 0x0000000088800000, 0x0000000088800000| Untracked 
|  95|0x0000000088900000, 0x0000000088900000, 0x0000000088a00000|  0%| F|  |TAMS 0x0000000088900000, 0x0000000088900000| Untracked 
|  96|0x0000000088a00000, 0x0000000088a00000, 0x0000000088b00000|  0%| F|  |TAMS 0x0000000088a00000, 0x0000000088a00000| Untracked 
|  97|0x0000000088b00000, 0x0000000088b00000, 0x0000000088c00000|  0%| F|  |TAMS 0x0000000088b00000, 0x0000000088b00000| Untracked 
|  98|0x0000000088c00000, 0x0000000088c00000, 0x0000000088d00000|  0%| F|  |TAMS 0x0000000088c00000, 0x0000000088c00000| Untracked 
|  99|0x0000000088d00000, 0x0000000088d00000, 0x0000000088e00000|  0%| F|  |TAMS 0x0000000088d00000, 0x0000000088d00000| Untracked 
| 100|0x0000000088e00000, 0x0000000088ee0000, 0x0000000088f00000| 87%| S|CS|TAMS 0x0000000088e00000, 0x0000000088e00000| Complete 
| 101|0x0000000088f00000, 0x0000000089000000, 0x0000000089000000|100%| S|CS|TAMS 0x0000000088f00000, 0x0000000088f00000| Complete 
| 102|0x0000000089000000, 0x0000000089100000, 0x0000000089100000|100%| S|CS|TAMS 0x0000000089000000, 0x0000000089000000| Complete 
| 103|0x0000000089100000, 0x0000000089100000, 0x0000000089200000|  0%| F|  |TAMS 0x0000000089100000, 0x0000000089100000| Untracked 
| 104|0x0000000089200000, 0x0000000089200000, 0x0000000089300000|  0%| F|  |TAMS 0x0000000089200000, 0x0000000089200000| Untracked 
| 105|0x0000000089300000, 0x0000000089300000, 0x0000000089400000|  0%| F|  |TAMS 0x0000000089300000, 0x0000000089300000| Untracked 
| 106|0x0000000089400000, 0x0000000089400000, 0x0000000089500000|  0%| F|  |TAMS 0x0000000089400000, 0x0000000089400000| Untracked 
| 107|0x0000000089500000, 0x0000000089500000, 0x0000000089600000|  0%| F|  |TAMS 0x0000000089500000, 0x0000000089500000| Untracked 
| 108|0x0000000089600000, 0x0000000089600000, 0x0000000089700000|  0%| F|  |TAMS 0x0000000089600000, 0x0000000089600000| Untracked 
| 109|0x0000000089700000, 0x0000000089700000, 0x0000000089800000|  0%| F|  |TAMS 0x0000000089700000, 0x0000000089700000| Untracked 
| 110|0x0000000089800000, 0x00000000898191e8, 0x0000000089900000|  9%| E|  |TAMS 0x0000000089800000, 0x0000000089800000| Complete 
| 111|0x0000000089900000, 0x0000000089a00000, 0x0000000089a00000|100%| E|CS|TAMS 0x0000000089900000, 0x0000000089900000| Complete 
| 112|0x0000000089a00000, 0x0000000089b00000, 0x0000000089b00000|100%| E|CS|TAMS 0x0000000089a00000, 0x0000000089a00000| Complete 
| 113|0x0000000089b00000, 0x0000000089c00000, 0x0000000089c00000|100%| E|CS|TAMS 0x0000000089b00000, 0x0000000089b00000| Complete 
| 114|0x0000000089c00000, 0x0000000089d00000, 0x0000000089d00000|100%| E|CS|TAMS 0x0000000089c00000, 0x0000000089c00000| Complete 
| 115|0x0000000089d00000, 0x0000000089e00000, 0x0000000089e00000|100%| E|CS|TAMS 0x0000000089d00000, 0x0000000089d00000| Complete 
| 116|0x0000000089e00000, 0x0000000089f00000, 0x0000000089f00000|100%| E|CS|TAMS 0x0000000089e00000, 0x0000000089e00000| Complete 
| 117|0x0000000089f00000, 0x000000008a000000, 0x000000008a000000|100%| E|CS|TAMS 0x0000000089f00000, 0x0000000089f00000| Complete 
| 118|0x000000008a000000, 0x000000008a100000, 0x000000008a100000|100%| E|CS|TAMS 0x000000008a000000, 0x000000008a000000| Complete 
| 119|0x000000008a100000, 0x000000008a200000, 0x000000008a200000|100%| E|CS|TAMS 0x000000008a100000, 0x000000008a100000| Complete 
| 120|0x000000008a200000, 0x000000008a300000, 0x000000008a300000|100%| E|CS|TAMS 0x000000008a200000, 0x000000008a200000| Complete 
| 121|0x000000008a300000, 0x000000008a400000, 0x000000008a400000|100%| E|CS|TAMS 0x000000008a300000, 0x000000008a300000| Complete 
| 122|0x000000008a400000, 0x000000008a500000, 0x000000008a500000|100%| E|CS|TAMS 0x000000008a400000, 0x000000008a400000| Complete 
| 123|0x000000008a500000, 0x000000008a600000, 0x000000008a600000|100%| E|CS|TAMS 0x000000008a500000, 0x000000008a500000| Complete 
| 124|0x000000008a600000, 0x000000008a700000, 0x000000008a700000|100%| E|CS|TAMS 0x000000008a600000, 0x000000008a600000| Complete 
| 125|0x000000008a700000, 0x000000008a800000, 0x000000008a800000|100%| E|CS|TAMS 0x000000008a700000, 0x000000008a700000| Complete 

Card table byte_map: [0x00000251d3540000,0x00000251d3930000] _byte_map_base: 0x00000251d312b000

Marking Bits (Prev, Next): (CMBitMap*) 0x00000251bc54c040, (CMBitMap*) 0x00000251bc54c080
 Prev Bits: [0x00000251d3d20000, 0x00000251d5c78000)
 Next Bits: [0x00000251d5c80000, 0x00000251d7bd8000)

Polling page: 0x00000251ba4d0000

Metaspace:

Usage:
  Non-class:      4.70 MB used.
      Class:    548.95 KB used.
       Both:      5.23 MB used.

Virtual space:
  Non-class space:       64.00 MB reserved,       4.75 MB (  7%) committed,  1 nodes.
      Class space:        1.00 GB reserved,     640.00 KB ( <1%) committed,  1 nodes.
             Both:        1.06 GB reserved,       5.38 MB ( <1%) committed. 

Chunk freelists:
   Non-Class:  2.89 MB
       Class:  3.25 MB
        Both:  6.14 MB

MaxMetaspaceSize: unlimited
CompressedClassSpaceSize: 1.00 GB
Initial GC threshold: 21.00 MB
Current GC threshold: 21.00 MB
CDS: on
MetaspaceReclaimPolicy: balanced
 - commit_granule_bytes: 65536.
 - commit_granule_words: 8192.
 - virtual_space_node_default_size: 8388608.
 - enlarge_chunks_in_place: 1.
 - new_chunks_are_fully_committed: 0.
 - uncommit_free_chunks: 1.
 - use_allocation_guard: 0.


Internal statistics:

num_allocs_failed_limit: 0.
num_arena_births: 106.
num_arena_deaths: 0.
num_vsnodes_births: 2.
num_vsnodes_deaths: 0.
num_space_committed: 86.
num_space_uncommitted: 0.
num_chunks_returned_to_freelist: 0.
num_chunks_taken_from_freelist: 143.
num_chunk_merges: 0.
num_chunk_splits: 79.
num_chunks_enlarged: 22.
num_inconsistent_stats: 0.

CodeHeap 'non-profiled nmethods': size=120000Kb used=264Kb max_used=264Kb free=119735Kb
 bounds [0x00000251cb8f0000, 0x00000251cbb60000, 0x00000251d2e20000]
CodeHeap 'profiled nmethods': size=120000Kb used=1275Kb max_used=1275Kb free=118725Kb
 bounds [0x00000251c43c0000, 0x00000251c4630000, 0x00000251cb8f0000]
CodeHeap 'non-nmethods': size=5760Kb used=1225Kb max_used=1263Kb free=4534Kb
 bounds [0x00000251c3e20000, 0x00000251c4090000, 0x00000251c43c0000]
 total_blobs=1291 nmethods=766 adapters=438
 compilation: enabled
              stopped_count=0, restarted_count=0
 full_count=0

Compilation events (20 events):
Event: 0.823 Thread 0x00000251da5f2270  757   !   3       java.util.zip.Inflater::needsInput (55 bytes)
Event: 0.823 Thread 0x00000251da5f2270 nmethod 757 0x00000251c44fcb90 code [0x00000251c44fcd40, 0x00000251c44fd0f8]
Event: 0.829 Thread 0x00000251da5f5950 nmethod 727% 0x00000251cb925f90 code [0x00000251cb926300, 0x00000251cb92a1d0]
Event: 0.829 Thread 0x00000251da5f5950  730 %     4       sun.awt.image.PNGImageDecoder::filterRow @ 249 (460 bytes)
Event: 0.829 Thread 0x00000251e040a6f0  752 %     4       sun.awt.image.PNGImageDecoder::update_crc @ 3 (41 bytes)
Event: 0.835 Thread 0x00000251e040a6f0 nmethod 752% 0x00000251cb92c290 code [0x00000251cb92c420, 0x00000251cb92c778]
Event: 0.835 Thread 0x00000251e040a6f0  758   !   4       sun.awt.image.PNGImageDecoder::produceImage (1917 bytes)
Event: 0.837 Thread 0x00000251da5f5950 nmethod 730% 0x00000251cb92c890 code [0x00000251cb92ca20, 0x00000251cb92cfd8]
Event: 0.837 Thread 0x00000251da5f5950  743   !   4       sun.awt.image.ImageDecoder::nextConsumer (69 bytes)
Event: 0.839 Thread 0x00000251da5f5950 nmethod 743 0x00000251cb92d210 code [0x00000251cb92d380, 0x00000251cb92d6d8]
Event: 0.868 Thread 0x00000251da5f2270  759   !   3       java.util.zip.Inflater::setInput (56 bytes)
Event: 0.869 Thread 0x00000251da5f2270 nmethod 759 0x00000251c44fd210 code [0x00000251c44fd3e0, 0x00000251c44fd7c8]
Event: 0.871 Thread 0x00000251da5f2270  760       3       java.util.zip.InflaterInputStream::fill (60 bytes)
Event: 0.872 Thread 0x00000251da5f2270 nmethod 760 0x00000251c44fd990 code [0x00000251c44fdb80, 0x00000251c44fdff8]
Event: 0.872 Thread 0x00000251da5f2270  761       3       sun.awt.image.PNGFilterInputStream::read (89 bytes)
Event: 0.872 Thread 0x00000251da5f2270 nmethod 761 0x00000251c44fe210 code [0x00000251c44fe3e0, 0x00000251c44fe738]
Event: 0.901 Thread 0x00000251da5f5950  762       4       sun.awt.image.PNGImageDecoder::filterRow (460 bytes)
Event: 0.997 Thread 0x00000251da5f5950 nmethod 762 0x00000251cb92d810 code [0x00000251cb92d9a0, 0x00000251cb92ef58]
Event: 0.997 Thread 0x00000251da5f5950  763       4       java.io.BufferedInputStream::read1 (108 bytes)
Event: 1.016 Thread 0x00000251da5f5950 nmethod 763 0x00000251cb92f390 code [0x00000251cb92f5c0, 0x00000251cb930760]

GC Heap History (2 events):
Event: 0.793 GC heap before
{Heap before GC invocations=0 (full 0):
 garbage-first heap   total 129024K, used 55296K [0x0000000082a00000, 0x0000000100000000)
  region size 1024K, 23 young (23552K), 0 survivors (0K)
 Metaspace       used 5355K, committed 5504K, reserved 1114112K
  class space    used 548K, committed 640K, reserved 1048576K
}
Event: 0.798 GC heap after
{Heap after GC invocations=1 (full 0):
 garbage-first heap   total 129024K, used 34688K [0x0000000082a00000, 0x0000000100000000)
  region size 1024K, 3 young (3072K), 3 survivors (3072K)
 Metaspace       used 5355K, committed 5504K, reserved 1114112K
  class space    used 548K, committed 640K, reserved 1048576K
}

Deoptimization events (20 events):
Event: 0.739 Thread 0x00000251deb8bfa0 DEOPT PACKING pc=0x00000251cb922200 sp=0x000000fd27ffecc0
Event: 0.739 Thread 0x00000251deb8bfa0 DEOPT UNPACKING pc=0x00000251c3e723a3 sp=0x000000fd27ffec38 mode 2
Event: 0.739 Thread 0x00000251deb8bfa0 DEOPT PACKING pc=0x00000251c44d7d34 sp=0x000000fd27ffee20
Event: 0.739 Thread 0x00000251deb8bfa0 DEOPT UNPACKING pc=0x00000251c3e72b43 sp=0x000000fd27ffe290 mode 0
Event: 0.739 Thread 0x00000251deb8bfa0 DEOPT PACKING pc=0x00000251c44d7d34 sp=0x000000fd27ffee20
Event: 0.739 Thread 0x00000251deb8bfa0 DEOPT UNPACKING pc=0x00000251c3e72b43 sp=0x000000fd27ffe290 mode 0
Event: 0.754 Thread 0x00000251deb8bfa0 DEOPT PACKING pc=0x00000251c44d7d34 sp=0x000000fd27ffee20
Event: 0.754 Thread 0x00000251deb8bfa0 DEOPT UNPACKING pc=0x00000251c3e72b43 sp=0x000000fd27ffe290 mode 0
Event: 0.757 Thread 0x00000251deb8bfa0 DEOPT PACKING pc=0x00000251c44d7d34 sp=0x000000fd27ffee20
Event: 0.757 Thread 0x00000251deb8bfa0 DEOPT UNPACKING pc=0x00000251c3e72b43 sp=0x000000fd27ffe290 mode 0
Event: 0.762 Thread 0x00000251deb8bfa0 DEOPT PACKING pc=0x00000251c44d7d34 sp=0x000000fd27ffee20
Event: 0.762 Thread 0x00000251deb8bfa0 DEOPT UNPACKING pc=0x00000251c3e72b43 sp=0x000000fd27ffe290 mode 0
Event: 0.765 Thread 0x00000251deb8bfa0 DEOPT PACKING pc=0x00000251c44d7d34 sp=0x000000fd27ffee20
Event: 0.765 Thread 0x00000251deb8bfa0 DEOPT UNPACKING pc=0x00000251c3e72b43 sp=0x000000fd27ffe290 mode 0
Event: 0.829 Thread 0x00000251deb8bfa0 DEOPT PACKING pc=0x00000251c44ebc7a sp=0x000000fd27ffeea0
Event: 0.829 Thread 0x00000251deb8bfa0 DEOPT UNPACKING pc=0x00000251c3e72b43 sp=0x000000fd27ffe3f0 mode 0
Event: 0.829 Thread 0x00000251deb8bfa0 Uncommon trap: trap_request=0xffffff45 fr.pc=0x00000251cb927e34 relative=0x0000000000001b34
Event: 0.829 Thread 0x00000251deb8bfa0 Uncommon trap: reason=unstable_if action=reinterpret pc=0x00000251cb927e34 method=sun.awt.image.PNGImageDecoder.produceImage()V @ 975 c2
Event: 0.829 Thread 0x00000251deb8bfa0 DEOPT PACKING pc=0x00000251cb927e34 sp=0x000000fd27ffef70
Event: 0.829 Thread 0x00000251deb8bfa0 DEOPT UNPACKING pc=0x00000251c3e723a3 sp=0x000000fd27ffeef8 mode 2

Classes loaded (20 events):
Event: 0.706 Loading class javax/swing/plaf/basic/BasicPopupMenuUI$BasicPopupMenuListener
Event: 0.706 Loading class javax/swing/event/PopupMenuListener
Event: 0.706 Loading class javax/swing/event/PopupMenuListener done
Event: 0.706 Loading class javax/swing/plaf/basic/BasicPopupMenuUI$BasicPopupMenuListener done
Event: 0.706 Loading class javax/swing/plaf/basic/BasicPopupMenuUI$BasicMenuKeyListener
Event: 0.706 Loading class javax/swing/plaf/basic/BasicPopupMenuUI$BasicMenuKeyListener done
Event: 0.706 Loading class javax/swing/plaf/basic/BasicPopupMenuUI$MouseGrabber
Event: 0.706 Loading class javax/swing/plaf/basic/BasicPopupMenuUI$MouseGrabber done
Event: 0.706 Loading class javax/swing/MenuSelectionManager
Event: 0.706 Loading class javax/swing/MenuSelectionManager done
Event: 0.706 Loading class javax/swing/plaf/basic/BasicPopupMenuUI$MenuKeyboardHelper
Event: 0.707 Loading class javax/swing/plaf/basic/BasicPopupMenuUI$MenuKeyboardHelper done
Event: 0.707 Loading class javax/swing/plaf/basic/BasicPopupMenuUI$MenuKeyboardHelper$1
Event: 0.707 Loading class java/awt/event/FocusAdapter
Event: 0.707 Loading class java/awt/event/FocusAdapter done
Event: 0.707 Loading class javax/swing/plaf/basic/BasicPopupMenuUI$MenuKeyboardHelper$1 done
Event: 0.707 Loading class javax/swing/JMenu$WinListener
Event: 0.707 Loading class java/awt/event/WindowAdapter
Event: 0.707 Loading class java/awt/event/WindowAdapter done
Event: 0.707 Loading class javax/swing/JMenu$WinListener done

Classes unloaded (0 events):
No events

Classes redefined (0 events):
No events

Internal exceptions (16 events):
Event: 0.093 Thread 0x00000251bc4ebc70 Exception <a 'sun/nio/fs/WindowsException'{0x000000008a635958}> (0x000000008a635958) 
thrown [s\open\src\hotspot\share\prims\jni.cpp, line 516]
Event: 0.094 Thread 0x00000251bc4ebc70 Exception <a 'sun/nio/fs/WindowsException'{0x000000008a635e50}> (0x000000008a635e50) 
thrown [s\open\src\hotspot\share\prims\jni.cpp, line 516]
Event: 0.095 Thread 0x00000251bc4ebc70 Exception <a 'sun/nio/fs/WindowsException'{0x000000008a638428}> (0x000000008a638428) 
thrown [s\open\src\hotspot\share\prims\jni.cpp, line 516]
Event: 0.095 Thread 0x00000251bc4ebc70 Exception <a 'sun/nio/fs/WindowsException'{0x000000008a638e20}> (0x000000008a638e20) 
thrown [s\open\src\hotspot\share\prims\jni.cpp, line 516]
Event: 0.142 Thread 0x00000251bc4ebc70 Exception <a 'java/lang/ClassNotFoundException'{0x000000008a500368}: sun/awt/resources/spi/awtProvider> (0x000000008a500368) 
thrown [s\open\src\hotspot\share\classfile\systemDictionary.cpp, line 255]
Event: 0.169 Thread 0x00000251bc4ebc70 Exception <a 'java/io/FileNotFoundException'{0x000000008a553e60}> (0x000000008a553e60) 
thrown [s\open\src\hotspot\share\prims\jni.cpp, line 516]
Event: 0.178 Thread 0x00000251bc4ebc70 Exception <a 'java/io/FileNotFoundException'{0x000000008a5810b8}> (0x000000008a5810b8) 
thrown [s\open\src\hotspot\share\prims\jni.cpp, line 516]
Event: 0.233 Thread 0x00000251bc4ebc70 Exception <a 'java/lang/NoSuchMethodError'{0x000000008a5c53e8}: 'java.lang.Object java.lang.invoke.DirectMethodHandle$Holder.invokeStaticInit(java.lang.Object)'> (0x000000008a5c53e8) 
thrown [s\open\src\hotspot\share\interpreter\linkResolver.cpp, line 766]
Event: 0.321 Thread 0x00000251bc4ebc70 Exception <a 'java/lang/NoSuchMethodError'{0x000000008a499418}: 'void java.lang.invoke.DirectMethodHandle$Holder.invokeSpecial(java.lang.Object, java.lang.Object, java.lang.Object)'> (0x000000008a499418) 
thrown [s\open\src\hotspot\share\interpreter\linkResolver.cpp, line 766]
Event: 0.336 Thread 0x00000251bc4ebc70 Exception <a 'java/lang/NoSuchMethodError'{0x000000008a4c4590}: 'java.lang.Object java.lang.invoke.DirectMethodHandle$Holder.newInvokeSpecial(java.lang.Object, java.lang.Object, java.lang.Object, java.lang.Object, java.lang.Object)'> (0x000000008a4c4590) 
thrown [s\open\src\hotspot\share\interpreter\linkResolver.cpp, line 766]
Event: 0.347 Thread 0x00000251bc4ebc70 Exception <a 'java/lang/NoSuchMethodError'{0x000000008a4f6398}: 'java.lang.Object java.lang.invoke.DirectMethodHandle$Holder.invokeStatic(java.lang.Object, int, java.lang.Object)'> (0x000000008a4f6398) 
thrown [s\open\src\hotspot\share\interpreter\linkResolver.cpp, line 766]
Event: 0.405 Thread 0x00000251bc4ebc70 Exception <a 'java/lang/ClassNotFoundException'{0x000000008a3b3550}: com/sun/swing/internal/plaf/metal/resources/spi/metalProvider> (0x000000008a3b3550) 
thrown [s\open\src\hotspot\share\classfile\systemDictionary.cpp, line 255]
Event: 0.407 Thread 0x00000251bc4ebc70 Exception <a 'java/lang/ClassNotFoundException'{0x000000008a3b75d8}: com/sun/swing/internal/plaf/basic/resources/spi/basicProvider> (0x000000008a3b75d8) 
thrown [s\open\src\hotspot\share\classfile\systemDictionary.cpp, line 255]
Event: 0.422 Thread 0x00000251bc4ebc70 Exception <a 'java/lang/NoSuchMethodError'{0x000000008a3d7a58}: 'int java.lang.invoke.Invokers$Holder.invokeExact_MT(java.lang.Object, java.lang.Object)'> (0x000000008a3d7a58) 
thrown [s\open\src\hotspot\share\interpreter\linkResolver.cpp, line 766]
Event: 0.522 Thread 0x00000251deb8bfa0 Exception <a 'java/lang/NoSuchMethodError'{0x000000008a1674d0}: 'java.lang.Object java.lang.invoke.DirectMethodHandle$Holder.newInvokeSpecial(java.lang.Object, java.lang.Object, java.lang.Object, int, int, int, int, int)'> (0x000000008a1674d0) 
thrown [s\open\src\hotspot\share\interpreter\linkResolver.cpp, line 766]
Event: 0.739 Thread 0x00000251deb8bfa0 Implicit null exception at 0x00000251cb92198f to 0x00000251cb9221e8

VM Operations (8 events):
Event: 0.097 Executing VM operation: HandshakeAllThreads
Event: 0.097 Executing VM operation: HandshakeAllThreads done
Event: 0.590 Executing VM operation: HandshakeAllThreads
Event: 0.590 Executing VM operation: HandshakeAllThreads done
Event: 0.678 Executing VM operation: HandshakeAllThreads
Event: 0.678 Executing VM operation: HandshakeAllThreads done
Event: 0.792 Executing VM operation: G1CollectForAllocation
Event: 0.798 Executing VM operation: G1CollectForAllocation done

Events (20 events):
Event: 0.043 Thread 0x00000251da5f0cd0 Thread added: 0x00000251da5f0cd0
Event: 0.043 Thread 0x00000251da5f4670 Thread added: 0x00000251da5f4670
Event: 0.043 Thread 0x00000251da5f5950 Thread added: 0x00000251da5f5950
Event: 0.043 Thread 0x00000251da5f2270 Thread added: 0x00000251da5f2270
Event: 0.043 Thread 0x00000251da5f3990 Thread added: 0x00000251da5f3990
Event: 0.072 Thread 0x00000251da65e2a0 Thread added: 0x00000251da65e2a0
Event: 0.090 Loaded shared library C:\Program Files\Java\jdk-18.0.1.1\bin\net.dll
Event: 0.091 Loaded shared library C:\Program Files\Java\jdk-18.0.1.1\bin\nio.dll
Event: 0.110 Thread 0x00000251de92ff40 Thread added: 0x00000251de92ff40
Event: 0.114 Thread 0x00000251de9b7380 Thread added: 0x00000251de9b7380
Event: 0.116 Loaded shared library C:\Program Files\Java\jdk-18.0.1.1\bin\zip.dll
Event: 0.131 Loaded shared library C:\Program Files\Java\jdk-18.0.1.1\bin\jimage.dll
Event: 0.153 Loaded shared library C:\Program Files\Java\jdk-18.0.1.1\bin\awt.dll
Event: 0.235 Thread 0x00000251deafe880 Thread added: 0x00000251deafe880
Event: 0.236 Thread 0x00000251deac3660 Thread added: 0x00000251deac3660
Event: 0.239 Thread 0x00000251deac3b20 Thread added: 0x00000251deac3b20
Event: 0.302 Thread 0x00000251de9b7380 Thread exited: 0x00000251de9b7380
Event: 0.432 Thread 0x00000251deb8bfa0 Thread added: 0x00000251deb8bfa0
Event: 0.520 Loaded shared library C:\Program Files\Java\jdk-18.0.1.1\bin\javajpeg.dll
Event: 0.829 Thread 0x00000251e040a6f0 Thread added: 0x00000251e040a6f0


Dynamic libraries:
0x00007ff6c62a0000 - 0x00007ff6c62b0000 	C:\Program Files\Java\jdk-18.0.1.1\bin\java.exe
0x00007ffeaac30000 - 0x00007ffeaae44000 	C:\WINDOWS\SYSTEM32\ntdll.dll
0x00007ffea9b30000 - 0x00007ffea9bf3000 	C:\WINDOWS\System32\KERNEL32.DLL
0x00007ffea8220000 - 0x00007ffea85bc000 	C:\WINDOWS\System32\KERNELBASE.dll
0x00007ffea85c0000 - 0x00007ffea86d1000 	C:\WINDOWS\System32\ucrtbase.dll
0x00007ffe93560000 - 0x00007ffe9357a000 	C:\Program Files\Java\jdk-18.0.1.1\bin\VCRUNTIME140.dll
0x00007ffe8df00000 - 0x00007ffe8df18000 	C:\Program Files\Java\jdk-18.0.1.1\bin\jli.dll
0x00007ffea8a40000 - 0x00007ffea8aee000 	C:\WINDOWS\System32\ADVAPI32.dll
0x00007ffeaa8a0000 - 0x00007ffeaa947000 	C:\WINDOWS\System32\msvcrt.dll
0x00007ffea99d0000 - 0x00007ffea9a74000 	C:\WINDOWS\System32\sechost.dll
0x00007ffeaaa00000 - 0x00007ffeaab15000 	C:\WINDOWS\System32\RPCRT4.dll
0x00007ffea9610000 - 0x00007ffea97bd000 	C:\WINDOWS\System32\USER32.dll
0x00007ffe8c4f0000 - 0x00007ffe8c77e000 	C:\WINDOWS\WinSxS\amd64_microsoft.windows.common-controls_6595b64144ccf1df_6.0.22621.436_none_a94247dbc10d8414\COMCTL32.dll
0x00007ffea8a10000 - 0x00007ffea8a36000 	C:\WINDOWS\System32\win32u.dll
0x00007ffea8bb0000 - 0x00007ffea8bd9000 	C:\WINDOWS\System32\GDI32.dll
0x00007ffea8850000 - 0x00007ffea8963000 	C:\WINDOWS\System32\gdi32full.dll
0x00007ffea8970000 - 0x00007ffea8a0a000 	C:\WINDOWS\System32\msvcp_win.dll
0x00007ffe9bf10000 - 0x00007ffe9bf1a000 	C:\WINDOWS\SYSTEM32\VERSION.dll
0x00007ffeaa9c0000 - 0x00007ffeaa9f1000 	C:\WINDOWS\System32\IMM32.DLL
0x00007ffe9db70000 - 0x00007ffe9db7c000 	C:\Program Files\Java\jdk-18.0.1.1\bin\vcruntime140_1.dll
0x00007ffe91bb0000 - 0x00007ffe91c3d000 	C:\Program Files\Java\jdk-18.0.1.1\bin\msvcp140.dll
0x00007ffe26020000 - 0x00007ffe26c30000 	C:\Program Files\Java\jdk-18.0.1.1\bin\server\jvm.dll
0x00007ffea8af0000 - 0x00007ffea8af8000 	C:\WINDOWS\System32\PSAPI.DLL
0x00007ffea0420000 - 0x00007ffea0429000 	C:\WINDOWS\SYSTEM32\WSOCK32.dll
0x00007ffe95290000 - 0x00007ffe952c4000 	C:\WINDOWS\SYSTEM32\WINMM.dll
0x00007ffea9c20000 - 0x00007ffea9c91000 	C:\WINDOWS\System32\WS2_32.dll
0x00007ffea7170000 - 0x00007ffea7188000 	C:\WINDOWS\SYSTEM32\kernel.appcore.dll
0x00007ffe93300000 - 0x00007ffe9330a000 	C:\Program Files\Java\jdk-18.0.1.1\bin\jimage.dll
0x00007ffea29a0000 - 0x00007ffea2bce000 	C:\WINDOWS\SYSTEM32\DBGHELP.DLL
0x00007ffea9160000 - 0x00007ffea94e9000 	C:\WINDOWS\System32\combase.dll
0x00007ffea9ca0000 - 0x00007ffea9d77000 	C:\WINDOWS\System32\OLEAUT32.dll
0x00007ffe95de0000 - 0x00007ffe95e12000 	C:\WINDOWS\SYSTEM32\dbgcore.DLL
0x00007ffea8070000 - 0x00007ffea80eb000 	C:\WINDOWS\System32\bcryptPrimitives.dll
0x00007ffe91ce0000 - 0x00007ffe91d05000 	C:\Program Files\Java\jdk-18.0.1.1\bin\java.dll
0x00007ffe458f0000 - 0x00007ffe459c6000 	C:\Program Files\Java\jdk-18.0.1.1\bin\jsvml.dll
0x00007ffea9de0000 - 0x00007ffeaa5d0000 	C:\WINDOWS\System32\SHELL32.dll
0x00007ffea6030000 - 0x00007ffea68fd000 	C:\WINDOWS\SYSTEM32\windows.storage.dll
0x00007ffea5ef0000 - 0x00007ffea602e000 	C:\WINDOWS\SYSTEM32\wintypes.dll
0x00007ffeaa790000 - 0x00007ffeaa881000 	C:\WINDOWS\System32\SHCORE.dll
0x00007ffea9d80000 - 0x00007ffea9dde000 	C:\WINDOWS\System32\shlwapi.dll
0x00007ffea7fa0000 - 0x00007ffea7fc1000 	C:\WINDOWS\SYSTEM32\profapi.dll
0x00007ffe91cc0000 - 0x00007ffe91cd3000 	C:\Program Files\Java\jdk-18.0.1.1\bin\net.dll
0x00007ffe9f8f0000 - 0x00007ffe9fa1f000 	C:\WINDOWS\SYSTEM32\WINHTTP.dll
0x00007ffea7600000 - 0x00007ffea7669000 	C:\WINDOWS\system32\mswsock.dll
0x00007ffe91ca0000 - 0x00007ffe91cb6000 	C:\Program Files\Java\jdk-18.0.1.1\bin\nio.dll
0x00007ffe91c50000 - 0x00007ffe91c68000 	C:\Program Files\Java\jdk-18.0.1.1\bin\zip.dll
0x00007ffe3dce0000 - 0x00007ffe3de6f000 	C:\Program Files\Java\jdk-18.0.1.1\bin\awt.dll
0x00007ffea1e70000 - 0x00007ffea1f07000 	C:\WINDOWS\SYSTEM32\apphelp.dll
0x00007ffea2450000 - 0x00007ffea247b000 	C:\WINDOWS\system32\DWMAPI.DLL
0x00007ffea2200000 - 0x00007ffea22ab000 	C:\WINDOWS\system32\uxtheme.dll
0x00007ffe87360000 - 0x00007ffe87460000 	C:\WINDOWS\system32\opengl32.dll
0x00007ffe936b0000 - 0x00007ffe936dd000 	C:\WINDOWS\SYSTEM32\GLU32.dll
0x00007ffea2300000 - 0x00007ffea2336000 	C:\WINDOWS\SYSTEM32\dxcore.dll
0x00007ffea94f0000 - 0x00007ffea960e000 	C:\WINDOWS\System32\MSCTF.dll
0x00007ffea97c0000 - 0x00007ffea995c000 	C:\WINDOWS\System32\ole32.dll
0x00007ffe831f0000 - 0x00007ffe8321d000 	C:\Program Files\Java\jdk-18.0.1.1\bin\javajpeg.dll

dbghelp: loaded successfully - version: 4.0.5 - missing functions: none
symbol engine: initialized successfully - sym options: 0x614 - pdb path: .;C:\Program Files\Java\jdk-18.0.1.1\bin;C:\WINDOWS\SYSTEM32;C:\WINDOWS\WinSxS\amd64_microsoft.windows.common-controls_6595b64144ccf1df_6.0.22621.436_none_a94247dbc10d8414;C:\Program Files\Java\jdk-18.0.1.1\bin\server

VM Arguments:
jvm_args: -Dfile.encoding=UTF-8 --module-path=D:\code\project\Elelctricity Billing System\build\classes 
java_command: elelctricity.billing.system.Project
java_class_path (initial): D:\code\mysql-connector-java-8.0.28.jar;D:\code\project\rs2xml.jar;D:\code\project\Elelctricity Billing System\build\classes
Launcher Type: SUN_STANDARD

[Global flags]
     intx CICompilerCount                          = 4                                         {product} {ergonomic}
     uint ConcGCThreads                            = 2                                         {product} {ergonomic}
     uint G1ConcRefinementThreads                  = 8                                         {product} {ergonomic}
   size_t G1HeapRegionSize                         = 1048576                                   {product} {ergonomic}
    uintx GCDrainStackTargetSize                   = 64                                        {product} {ergonomic}
   size_t InitialHeapSize                          = 132120576                                 {product} {ergonomic}
   size_t MarkStackSize                            = 4194304                                   {product} {ergonomic}
   size_t MaxHeapSize                              = 2103443456                                {product} {ergonomic}
   size_t MaxNewSize                               = 1261436928                                {product} {ergonomic}
   size_t MinHeapDeltaBytes                        = 1048576                                   {product} {ergonomic}
   size_t MinHeapSize                              = 8388608                                   {product} {ergonomic}
    uintx NonNMethodCodeHeapSize                   = 5839372                                {pd product} {ergonomic}
    uintx NonProfiledCodeHeapSize                  = 122909434                              {pd product} {ergonomic}
    uintx ProfiledCodeHeapSize                     = 122909434                              {pd product} {ergonomic}
    uintx ReservedCodeCacheSize                    = 251658240                              {pd product} {ergonomic}
     bool SegmentedCodeCache                       = true                                      {product} {ergonomic}
   size_t SoftMaxHeapSize                          = 2103443456                             {manageable} {ergonomic}
     bool UseCompressedClassPointers               = true                           {product lp64_product} {ergonomic}
     bool UseCompressedOops                        = true                           {product lp64_product} {ergonomic}
     bool UseG1GC                                  = true                                      {product} {ergonomic}
     bool UseLargePagesIndividualAllocation        = false                                  {pd product} {ergonomic}

Logging:
Log output configuration:
 #0: stdout all=warning uptime,level,tags foldmultilines=false
 #1: stderr all=off uptime,level,tags foldmultilines=false

Environment Variables:
PATH=C:\Program Files\Common Files\Oracle\Java\javapath;C:\WINDOWS\system32;C:\WINDOWS;C:\WINDOWS\System32\Wbem;C:\WINDOWS\System32\WindowsPowerShell\v1.0\;C:\WINDOWS\System32\OpenSSH\;C:\Program Files\NVIDIA Corporation\NVIDIA NvDLISR;C:\Program Files\dotnet\;C:\Users\mhdsa\AppData\Local\Microsoft\WindowsApps;C:\adb;C:\WINDOWS\system32;C:\WINDOWS;C:\WINDOWS\System32\Wbem;C:\WINDOWS\System32\WindowsPowerShell\v1.0\;C:\WINDOWS\System32\OpenSSH\;C:\Program Files (x86)\NVIDIA Corporation\PhysX\Common;C:\Program Files\Calibre2\;C:\Program Files\PowerShell\7\;C:\Program Files\MySQL\MySQL Shell 8.0\bin\;C:\Users\mhdsa\AppData\Local\Microsoft\WindowsApps;;C:\Users\mhdsa\AppData\Local\Programs\Microsoft VS Code\bin;C:\Program Files\JetBrains\IntelliJ IDEA Community Edition 2022.2.1\bin;
USERNAME=mhdsa
OS=Windows_NT
PROCESSOR_IDENTIFIER=Intel64 Family 6 Model 142 Stepping 12, GenuineIntel



---------------  S Y S T E M  ---------------

OS:
 Windows 11 , 64 bit Build 22621 (10.0.22621.1325)
OS uptime: 2 days 18:59 hours
Hyper-V role detected

CPU: total 8 (initial active 8) (4 cores per cpu, 2 threads per core) family 6 model 142 stepping 12 microcode 0xde, cx8, cmov, fxsr, ht, mmx, 3dnowpref, sse, sse2, sse3, ssse3, sse4.1, sse4.2, popcnt, lzcnt, tsc, tscinvbit, avx, avx2, aes, erms, clmul, bmi1, bmi2, adx, fma, vzeroupper, clflush, clflushopt, hv

Memory: 4k page, system-wide physical 8022M (876M free)
TotalPageFile size 32598M (AvailPageFile size 5M)
current process WorkingSet (physical memory assigned to process): 111M, peak: 112M
current process commit charge ("private bytes"): 228M, peak: 230M

vm_info: Java HotSpot(TM) 64-Bit Server VM (18.0.1.1+2-6) for windows-amd64 JRE (18.0.1.1+2-6), built on Apr 25 2022 21:53:15 by "mach5one" with MS VC++ 16.8 / 16.9 (VS2019)

END.
